<?xml version="1.0" encoding="UTF-8"?>
<!-- Generated by org.testng.reporters.JUnitReportReporter -->
<testsuite hostname="RUNI-CHN-00" failures="0" tests="4" name="com.accolite.Practise.AppTest" time="59.568" errors="0" timestamp="2022-06-09T15:52:10 IST" skipped="0">
  <testcase classname="com.accolite.Practise.AppTest" name="runScenario" time="12.284"/>
  <system-out/>
  <testcase classname="com.accolite.Practise.AppTest" name="runScenario" time="6.499"/>
  <system-out/>
  <testcase classname="com.accolite.Practise.AppTest" name="runScenario" time="36.506"/>
  <system-out/>
  <testcase classname="com.accolite.Practise.AppTest" name="runScenario" time="4.279"/>
  <system-out/>
</testsuite> <!-- com.accolite.Practise.AppTest -->
