<?xml version="1.0" encoding="UTF-8"?>
<!-- Generated by org.testng.reporters.JUnitReportReporter -->
<testsuite hostname="RUNI-CHN-00" failures="0" tests="4" name="com.accolite.Practise.Runner" time="92.077" errors="0" timestamp="2022-06-09T15:52:10 IST" skipped="0">
  <testcase classname="com.accolite.Practise.Runner" name="runScenario" time="6.728"/>
  <system-out/>
  <testcase classname="com.accolite.Practise.Runner" name="runScenario" time="44.104"/>
  <system-out/>
  <testcase classname="com.accolite.Practise.Runner" name="runScenario" time="17.861"/>
  <system-out/>
  <testcase classname="com.accolite.Practise.Runner" name="runScenario" time="23.384"/>
  <system-out/>
</testsuite> <!-- com.accolite.Practise.Runner -->
