<?xml version="1.0" encoding="UTF-8"?>
<!-- Generated by org.testng.reporters.JUnitReportReporter -->
<testsuite hostname="RUNI-CHN-00" failures="0" tests="4" name="com.accolite.Practise.AppTest" time="65.529" errors="0" timestamp="2022-06-13T14:58:41 IST" skipped="0">
  <testcase classname="com.accolite.Practise.AppTest" name="runScenario" time="12.652"/>
  <system-out/>
  <testcase classname="com.accolite.Practise.AppTest" name="runScenario" time="7.125"/>
  <system-out/>
  <testcase classname="com.accolite.Practise.AppTest" name="runScenario" time="27.212"/>
  <system-out/>
  <testcase classname="com.accolite.Practise.AppTest" name="runScenario" time="18.540"/>
  <system-out/>
</testsuite> <!-- com.accolite.Practise.AppTest -->
